Mono path[0] = 'D:/Study/Programming/Unity/Projects/Challenge/a01/RLVillage/DroneDelivery_Data/Managed'
Mono config path = 'D:/Study/Programming/Unity/Projects/Challenge/a01/RLVillage/MonoBleedingEdge/etc'
Initialize engine version: 2021.1.6f1 (d6fd741ee4c5)
[Subsystems] Discovering subsystems at path D:/Study/Programming/Unity/Projects/Challenge/a01/RLVillage/DroneDelivery_Data/UnitySubsystems
GfxDevice: creating device client; threaded=1; jobified=0
Direct3D:
    Version:  Direct3D 11.0 [level 11.1]
    Renderer: NVIDIA GeForce RTX 3050 Laptop GPU (ID=0x25a2)
    Vendor:   NVIDIA
    VRAM:     3991 MB
    Driver:   30.0.14.9676
Begin MonoManager ReloadAssembly
- Completed reload, in  1.516 seconds
D3D11 device created for Microsoft Media Foundation video decoding.
<RI> Initializing input.
XInput1_3.dll not found. Trying XInput9_1_0.dll instead...
<RI> Input initialized.
<RI> Initialized touch support.
UnloadTime: 0.943700 ms
Fallback handler could not load library D:/Study/Programming/Unity/Projects/Challenge/a01/RLVillage/DroneDelivery_Data/Mono/libcoreclr.so
Fallback handler could not load library D:/Study/Programming/Unity/Projects/Challenge/a01/RLVillage/DroneDelivery_Data/Mono/libcoreclr.so.dll
Fallback handler could not load library D:/Study/Programming/Unity/Projects/Challenge/a01/RLVillage/DroneDelivery_Data/Mono/libcoreclr.so
Fallback handler could not load library D:/Study/Programming/Unity/Projects/Challenge/a01/RLVillage/DroneDelivery_Data/Mono/libdl.so
Fallback handler could not load library D:/Study/Programming/Unity/Projects/Challenge/a01/RLVillage/DroneDelivery_Data/Mono/libdl.so.dll
Fallback handler could not load library D:/Study/Programming/Unity/Projects/Challenge/a01/RLVillage/DroneDelivery_Data/Mono/libdl.so
Fallback handler could not load library D:/Study/Programming/Unity/Projects/Challenge/a01/RLVillage/DroneDelivery_Data/Mono/libSystem.dylib
Fallback handler could not load library D:/Study/Programming/Unity/Projects/Challenge/a01/RLVillage/DroneDelivery_Data/Mono/libSystem.dylib.dll
Fallback handler could not load library D:/Study/Programming/Unity/Projects/Challenge/a01/RLVillage/DroneDelivery_Data/Mono/libSystem.dylib
Fallback handler could not load library D:/Study/Programming/Unity/Projects/Challenge/a01/RLVillage/DroneDelivery_Data/Mono/libcoreclr.so
Fallback handler could not load library D:/Study/Programming/Unity/Projects/Challenge/a01/RLVillage/DroneDelivery_Data/Mono/libcoreclr.so.dll
Fallback handler could not load library D:/Study/Programming/Unity/Projects/Challenge/a01/RLVillage/DroneDelivery_Data/Mono/libcoreclr.so
Fallback handler could not load library D:/Study/Programming/Unity/Projects/Challenge/a01/RLVillage/DroneDelivery_Data/Mono/libdl.so
Fallback handler could not load library D:/Study/Programming/Unity/Projects/Challenge/a01/RLVillage/DroneDelivery_Data/Mono/libdl.so.dll
Fallback handler could not load library D:/Study/Programming/Unity/Projects/Challenge/a01/RLVillage/DroneDelivery_Data/Mono/libdl.so
Fallback handler could not load library D:/Study/Programming/Unity/Projects/Challenge/a01/RLVillage/DroneDelivery_Data/Mono/libSystem.dylib
Fallback handler could not load library D:/Study/Programming/Unity/Projects/Challenge/a01/RLVillage/DroneDelivery_Data/Mono/libSystem.dylib.dll
Fallback handler could not load library D:/Study/Programming/Unity/Projects/Challenge/a01/RLVillage/DroneDelivery_Data/Mono/libSystem.dylib
Setting up 8 worker threads for Enlighten.
  Thread -> id: 11c0 -> priority: 1 
  Thread -> id: 62a8 -> priority: 1 
  Thread -> id: 28bc -> priority: 1 
  Thread -> id: 5f0c -> priority: 1 
  Thread -> id: ba4 -> priority: 1 
  Thread -> id: 71cc -> priority: 1 
  Thread -> id: 4c80 -> priority: 1 
  Thread -> id: 4d60 -> priority: 1 
