Mono path[0] = 'D:/Study/Programming/Unity/Projects/Challenge/a01/RLVillage/DroneDelivery_Data/Managed'
Mono config path = 'D:/Study/Programming/Unity/Projects/Challenge/a01/RLVillage/MonoBleedingEdge/etc'
Initialize engine version: 2021.1.6f1 (d6fd741ee4c5)
[Subsystems] Discovering subsystems at path D:/Study/Programming/Unity/Projects/Challenge/a01/RLVillage/DroneDelivery_Data/UnitySubsystems
GfxDevice: creating device client; threaded=1; jobified=0
Direct3D:
    Version:  Direct3D 11.0 [level 11.1]
    Renderer: NVIDIA GeForce RTX 3050 Laptop GPU (ID=0x25a2)
    Vendor:   NVIDIA
    VRAM:     3991 MB
    Driver:   30.0.14.9676
Begin MonoManager ReloadAssembly
- Completed reload, in  1.534 seconds
D3D11 device created for Microsoft Media Foundation video decoding.
<RI> Initializing input.
XInput1_3.dll not found. Trying XInput9_1_0.dll instead...
<RI> Input initialized.
<RI> Initialized touch support.
UnloadTime: 5.756000 ms
Fallback handler could not load library D:/Study/Programming/Unity/Projects/Challenge/a01/RLVillage/DroneDelivery_Data/Mono/libcoreclr.so
Fallback handler could not load library D:/Study/Programming/Unity/Projects/Challenge/a01/RLVillage/DroneDelivery_Data/Mono/libcoreclr.so.dll
Fallback handler could not load library D:/Study/Programming/Unity/Projects/Challenge/a01/RLVillage/DroneDelivery_Data/Mono/libcoreclr.so
Fallback handler could not load library D:/Study/Programming/Unity/Projects/Challenge/a01/RLVillage/DroneDelivery_Data/Mono/libdl.so
Fallback handler could not load library D:/Study/Programming/Unity/Projects/Challenge/a01/RLVillage/DroneDelivery_Data/Mono/libdl.so.dll
Fallback handler could not load library D:/Study/Programming/Unity/Projects/Challenge/a01/RLVillage/DroneDelivery_Data/Mono/libdl.so
Fallback handler could not load library D:/Study/Programming/Unity/Projects/Challenge/a01/RLVillage/DroneDelivery_Data/Mono/libSystem.dylib
Fallback handler could not load library D:/Study/Programming/Unity/Projects/Challenge/a01/RLVillage/DroneDelivery_Data/Mono/libSystem.dylib.dll
Fallback handler could not load library D:/Study/Programming/Unity/Projects/Challenge/a01/RLVillage/DroneDelivery_Data/Mono/libSystem.dylib
Fallback handler could not load library D:/Study/Programming/Unity/Projects/Challenge/a01/RLVillage/DroneDelivery_Data/Mono/libcoreclr.so
Fallback handler could not load library D:/Study/Programming/Unity/Projects/Challenge/a01/RLVillage/DroneDelivery_Data/Mono/libcoreclr.so.dll
Fallback handler could not load library D:/Study/Programming/Unity/Projects/Challenge/a01/RLVillage/DroneDelivery_Data/Mono/libcoreclr.so
Fallback handler could not load library D:/Study/Programming/Unity/Projects/Challenge/a01/RLVillage/DroneDelivery_Data/Mono/libdl.so
Fallback handler could not load library D:/Study/Programming/Unity/Projects/Challenge/a01/RLVillage/DroneDelivery_Data/Mono/libdl.so.dll
Fallback handler could not load library D:/Study/Programming/Unity/Projects/Challenge/a01/RLVillage/DroneDelivery_Data/Mono/libdl.so
Fallback handler could not load library D:/Study/Programming/Unity/Projects/Challenge/a01/RLVillage/DroneDelivery_Data/Mono/libSystem.dylib
Fallback handler could not load library D:/Study/Programming/Unity/Projects/Challenge/a01/RLVillage/DroneDelivery_Data/Mono/libSystem.dylib.dll
Fallback handler could not load library D:/Study/Programming/Unity/Projects/Challenge/a01/RLVillage/DroneDelivery_Data/Mono/libSystem.dylib
Setting up 8 worker threads for Enlighten.
  Thread -> id: 5e50 -> priority: 1 
  Thread -> id: 2d74 -> priority: 1 
  Thread -> id: 2944 -> priority: 1 
  Thread -> id: 5054 -> priority: 1 
  Thread -> id: 452c -> priority: 1 
  Thread -> id: 6bd4 -> priority: 1 
  Thread -> id: 38e0 -> priority: 1 
  Thread -> id: 7294 -> priority: 1 
Unable to save timers to file D:/Study/Programming/Unity/Projects/Challenge/a01/RLVillage/DroneDelivery_Data\ML-Agents\Timers\TrainScene_timers.json

