Mono path[0] = 'D:/School/3-2-Semester/UnityML/Challenge/RLVillage/DroneDelivery_Data/Managed'
Mono config path = 'D:/School/3-2-Semester/UnityML/Challenge/RLVillage/MonoBleedingEdge/etc'
Initialize engine version: 2021.1.6f1 (d6fd741ee4c5)
[Subsystems] Discovering subsystems at path D:/School/3-2-Semester/UnityML/Challenge/RLVillage/DroneDelivery_Data/UnitySubsystems
GfxDevice: creating device client; threaded=1; jobified=0
Direct3D:
    Version:  Direct3D 11.0 [level 11.1]
    Renderer: NVIDIA GeForce RTX 2060 (ID=0x1f08)
    Vendor:   NVIDIA
    VRAM:     5980 MB
    Driver:   30.0.14.9676
Begin MonoManager ReloadAssembly
- Completed reload, in  0.103 seconds
D3D11 device created for Microsoft Media Foundation video decoding.
<RI> Initializing input.
<RI> Input initialized.
<RI> Initialized touch support.
UnloadTime: 1.410500 ms
Fallback handler could not load library D:/School/3-2-Semester/UnityML/Challenge/RLVillage/DroneDelivery_Data/Mono/libcoreclr.so
Fallback handler could not load library D:/School/3-2-Semester/UnityML/Challenge/RLVillage/DroneDelivery_Data/Mono/libcoreclr.so.dll
Fallback handler could not load library D:/School/3-2-Semester/UnityML/Challenge/RLVillage/DroneDelivery_Data/Mono/libcoreclr.so
Fallback handler could not load library D:/School/3-2-Semester/UnityML/Challenge/RLVillage/DroneDelivery_Data/Mono/libdl.so
Fallback handler could not load library D:/School/3-2-Semester/UnityML/Challenge/RLVillage/DroneDelivery_Data/Mono/libdl.so.dll
Fallback handler could not load library D:/School/3-2-Semester/UnityML/Challenge/RLVillage/DroneDelivery_Data/Mono/libdl.so
Fallback handler could not load library D:/School/3-2-Semester/UnityML/Challenge/RLVillage/DroneDelivery_Data/Mono/libSystem.dylib
Fallback handler could not load library D:/School/3-2-Semester/UnityML/Challenge/RLVillage/DroneDelivery_Data/Mono/libSystem.dylib.dll
Fallback handler could not load library D:/School/3-2-Semester/UnityML/Challenge/RLVillage/DroneDelivery_Data/Mono/libSystem.dylib
Fallback handler could not load library D:/School/3-2-Semester/UnityML/Challenge/RLVillage/DroneDelivery_Data/Mono/libcoreclr.so
Fallback handler could not load library D:/School/3-2-Semester/UnityML/Challenge/RLVillage/DroneDelivery_Data/Mono/libcoreclr.so.dll
Fallback handler could not load library D:/School/3-2-Semester/UnityML/Challenge/RLVillage/DroneDelivery_Data/Mono/libcoreclr.so
Fallback handler could not load library D:/School/3-2-Semester/UnityML/Challenge/RLVillage/DroneDelivery_Data/Mono/libdl.so
Fallback handler could not load library D:/School/3-2-Semester/UnityML/Challenge/RLVillage/DroneDelivery_Data/Mono/libdl.so.dll
Fallback handler could not load library D:/School/3-2-Semester/UnityML/Challenge/RLVillage/DroneDelivery_Data/Mono/libdl.so
Fallback handler could not load library D:/School/3-2-Semester/UnityML/Challenge/RLVillage/DroneDelivery_Data/Mono/libSystem.dylib
Fallback handler could not load library D:/School/3-2-Semester/UnityML/Challenge/RLVillage/DroneDelivery_Data/Mono/libSystem.dylib.dll
Fallback handler could not load library D:/School/3-2-Semester/UnityML/Challenge/RLVillage/DroneDelivery_Data/Mono/libSystem.dylib
Setting up 6 worker threads for Enlighten.
  Thread -> id: 4918 -> priority: 1 
  Thread -> id: 4c68 -> priority: 1 
  Thread -> id: 5f5c -> priority: 1 
  Thread -> id: 4d74 -> priority: 1 
  Thread -> id: 575c -> priority: 1 
  Thread -> id: 14f0 -> priority: 1 
Unable to save timers to file D:/School/3-2-Semester/UnityML/Challenge/RLVillage/DroneDelivery_Data\ML-Agents\Timers\TrainScene_timers.json

